CRITICAL - 2023-05-18 10:09:50 --> Attempt to read property "id" on array
in APPPATH\Views\store\cart-view.php on line 29.
 1 APPPATH\Views\store\cart-view.php(29): CodeIgniter\Debug\Exceptions->errorHandler(2, 'Attempt to read property "id" on array', 'C:\\xampp\\htdocs\\jordhy-ti4b\\Lunatic\\app\\Views\\store\\cart-view.php', 29)
 2 SYSTEMPATH\View\View.php(213): include('C:\\xampp\\htdocs\\jordhy-ti4b\\Lunatic\\app\\Views\\store\\cart-view.php')
 3 SYSTEMPATH\View\View.php(216): CodeIgniter\View\View->CodeIgniter\View\{closure}()
 4 SYSTEMPATH\Common.php(1184): CodeIgniter\View\View->render('/store/cart-view.php', [], true)
 5 APPPATH\Controllers\Cart.php(38): view('/store/cart-view.php', [...])
 6 SYSTEMPATH\CodeIgniter.php(934): App\Controllers\Cart->index()
 7 SYSTEMPATH\CodeIgniter.php(499): CodeIgniter\CodeIgniter->runController(Object(App\Controllers\Cart))
 8 SYSTEMPATH\CodeIgniter.php(368): CodeIgniter\CodeIgniter->handleRequest(null, Object(Config\Cache), false)
 9 FCPATH\index.php(67): CodeIgniter\CodeIgniter->run()
10 SYSTEMPATH\Commands\Server\rewrite.php(47): require_once('C:\\xampp\\htdocs\\jordhy-ti4b\\Lunatic\\public\\index.php')
CRITICAL - 2023-05-18 11:15:42 --> Undefined variable $conplete
in APPPATH\Views\store\cart-view.php on line 26.
 1 APPPATH\Views\store\cart-view.php(26): CodeIgniter\Debug\Exceptions->errorHandler(2, 'Undefined variable $conplete', 'C:\\xampp\\htdocs\\jordhy-ti4b\\Lunatic\\app\\Views\\store\\cart-view.php', 26)
 2 SYSTEMPATH\View\View.php(213): include('C:\\xampp\\htdocs\\jordhy-ti4b\\Lunatic\\app\\Views\\store\\cart-view.php')
 3 SYSTEMPATH\View\View.php(216): CodeIgniter\View\View->CodeIgniter\View\{closure}()
 4 SYSTEMPATH\Common.php(1184): CodeIgniter\View\View->render('/store/cart-view.php', [], true)
 5 APPPATH\Controllers\Cart.php(38): view('/store/cart-view.php', [...])
 6 SYSTEMPATH\CodeIgniter.php(934): App\Controllers\Cart->index()
 7 SYSTEMPATH\CodeIgniter.php(499): CodeIgniter\CodeIgniter->runController(Object(App\Controllers\Cart))
 8 SYSTEMPATH\CodeIgniter.php(368): CodeIgniter\CodeIgniter->handleRequest(null, Object(Config\Cache), false)
 9 FCPATH\index.php(67): CodeIgniter\CodeIgniter->run()
10 SYSTEMPATH\Commands\Server\rewrite.php(47): require_once('C:\\xampp\\htdocs\\jordhy-ti4b\\Lunatic\\public\\index.php')
CRITICAL - 2023-05-18 11:49:38 --> Cannot use object of type stdClass as array
in APPPATH\Controllers\Login.php on line 34.
 1 SYSTEMPATH\CodeIgniter.php(934): App\Controllers\Login->process()
 2 SYSTEMPATH\CodeIgniter.php(499): CodeIgniter\CodeIgniter->runController(Object(App\Controllers\Login))
 3 SYSTEMPATH\CodeIgniter.php(368): CodeIgniter\CodeIgniter->handleRequest(null, Object(Config\Cache), false)
 4 FCPATH\index.php(67): CodeIgniter\CodeIgniter->run()
 5 SYSTEMPATH\Commands\Server\rewrite.php(47): require_once('C:\\xampp\\htdocs\\jordhy-ti4b\\Lunatic\\public\\index.php')
ERROR - 2023-05-18 12:12:38 --> mysqli_sql_exception: Unknown column 'item_name' in 'where clause' in C:\xampp\htdocs\jordhy-ti4b\Lunatic\vendor\codeigniter4\framework\system\Database\MySQLi\Connection.php:295
Stack trace:
#0 C:\xampp\htdocs\jordhy-ti4b\Lunatic\vendor\codeigniter4\framework\system\Database\MySQLi\Connection.php(295): mysqli->query('UPDATE `stock` ...', 0)
#1 C:\xampp\htdocs\jordhy-ti4b\Lunatic\vendor\codeigniter4\framework\system\Database\BaseConnection.php(692): CodeIgniter\Database\MySQLi\Connection->execute('UPDATE `stock` ...')
#2 C:\xampp\htdocs\jordhy-ti4b\Lunatic\vendor\codeigniter4\framework\system\Database\BaseConnection.php(606): CodeIgniter\Database\BaseConnection->simpleQuery('UPDATE `stock` ...')
#3 C:\xampp\htdocs\jordhy-ti4b\Lunatic\vendor\codeigniter4\framework\system\Database\BaseBuilder.php(2476): CodeIgniter\Database\BaseConnection->query('UPDATE `stock` ...', Array, false)
#4 C:\xampp\htdocs\jordhy-ti4b\Lunatic\vendor\codeigniter4\framework\system\Model.php(396): CodeIgniter\Database\BaseBuilder->update()
#5 C:\xampp\htdocs\jordhy-ti4b\Lunatic\vendor\codeigniter4\framework\system\BaseModel.php(943): CodeIgniter\Model->doUpdate(NULL, Array)
#6 C:\xampp\htdocs\jordhy-ti4b\Lunatic\vendor\codeigniter4\framework\system\Model.php(756): CodeIgniter\BaseModel->update(NULL, Array)
#7 C:\xampp\htdocs\jordhy-ti4b\Lunatic\app\Controllers\Transaction.php(80): CodeIgniter\Model->update()
#8 C:\xampp\htdocs\jordhy-ti4b\Lunatic\vendor\codeigniter4\framework\system\CodeIgniter.php(934): App\Controllers\Transaction->updateStatus()
#9 C:\xampp\htdocs\jordhy-ti4b\Lunatic\vendor\codeigniter4\framework\system\CodeIgniter.php(499): CodeIgniter\CodeIgniter->runController(Object(App\Controllers\Transaction))
#10 C:\xampp\htdocs\jordhy-ti4b\Lunatic\vendor\codeigniter4\framework\system\CodeIgniter.php(368): CodeIgniter\CodeIgniter->handleRequest(NULL, Object(Config\Cache), false)
#11 C:\xampp\htdocs\jordhy-ti4b\Lunatic\public\index.php(67): CodeIgniter\CodeIgniter->run()
#12 C:\xampp\htdocs\jordhy-ti4b\Lunatic\vendor\codeigniter4\framework\system\Commands\Server\rewrite.php(47): require_once('C:\\xampp\\htdocs...')
#13 {main}
CRITICAL - 2023-05-18 12:12:38 --> Unknown column 'item_name' in 'where clause'
in SYSTEMPATH\Database\MySQLi\Connection.php on line 295.
 1 SYSTEMPATH\Database\MySQLi\Connection.php(295): mysqli->query('UPDATE `stock` SET `stock` = \'stock - -13\'
WHERE `item_name` = \'Pleasure of Freedom\'', 0)
 2 SYSTEMPATH\Database\BaseConnection.php(692): CodeIgniter\Database\MySQLi\Connection->execute('UPDATE `stock` SET `stock` = \'stock - -13\'
WHERE `item_name` = \'Pleasure of Freedom\'')
 3 SYSTEMPATH\Database\BaseConnection.php(606): CodeIgniter\Database\BaseConnection->simpleQuery('UPDATE `stock` SET `stock` = \'stock - -13\'
WHERE `item_name` = \'Pleasure of Freedom\'')
 4 SYSTEMPATH\Database\BaseBuilder.php(2476): CodeIgniter\Database\BaseConnection->query('UPDATE `stock` SET `stock` = :stock:
WHERE `item_name` = :item_name:', [...], false)
 5 SYSTEMPATH\Model.php(396): CodeIgniter\Database\BaseBuilder->update()
 6 SYSTEMPATH\BaseModel.php(943): CodeIgniter\Model->doUpdate(null, [...])
 7 SYSTEMPATH\Model.php(756): CodeIgniter\BaseModel->update(null, [...])
 8 APPPATH\Controllers\Transaction.php(80): CodeIgniter\Model->update()
 9 SYSTEMPATH\CodeIgniter.php(934): App\Controllers\Transaction->updateStatus()
10 SYSTEMPATH\CodeIgniter.php(499): CodeIgniter\CodeIgniter->runController(Object(App\Controllers\Transaction))
11 SYSTEMPATH\CodeIgniter.php(368): CodeIgniter\CodeIgniter->handleRequest(null, Object(Config\Cache), false)
12 FCPATH\index.php(67): CodeIgniter\CodeIgniter->run()
13 SYSTEMPATH\Commands\Server\rewrite.php(47): require_once('C:\\xampp\\htdocs\\jordhy-ti4b\\Lunatic\\public\\index.php')
CRITICAL - 2023-05-18 12:19:39 --> Unsupported operand types: string + int
in APPPATH\Controllers\Transaction.php on line 79.
 1 SYSTEMPATH\CodeIgniter.php(934): App\Controllers\Transaction->updateStatus()
 2 SYSTEMPATH\CodeIgniter.php(499): CodeIgniter\CodeIgniter->runController(Object(App\Controllers\Transaction))
 3 SYSTEMPATH\CodeIgniter.php(368): CodeIgniter\CodeIgniter->handleRequest(null, Object(Config\Cache), false)
 4 FCPATH\index.php(67): CodeIgniter\CodeIgniter->run()
 5 SYSTEMPATH\Commands\Server\rewrite.php(47): require_once('C:\\xampp\\htdocs\\jordhy-ti4b\\Lunatic\\public\\index.php')
CRITICAL - 2023-05-18 15:05:28 --> Undefined variable $pending
in APPPATH\Views\templates\header.php on line 61.
 1 APPPATH\Views\templates\header.php(61): CodeIgniter\Debug\Exceptions->errorHandler(2, 'Undefined variable $pending', 'C:\\xampp\\htdocs\\jordhy-ti4b\\Lunatic\\app\\Views\\templates\\header.php', 61)
 2 SYSTEMPATH\View\View.php(213): include('C:\\xampp\\htdocs\\jordhy-ti4b\\Lunatic\\app\\Views\\templates\\header.php')
 3 SYSTEMPATH\View\View.php(216): CodeIgniter\View\View->CodeIgniter\View\{closure}()
 4 SYSTEMPATH\Common.php(1184): CodeIgniter\View\View->render('templates/header', [], true)
 5 APPPATH\Controllers\Store.php(25): view('templates/header', [...])
 6 SYSTEMPATH\CodeIgniter.php(934): App\Controllers\Store->index()
 7 SYSTEMPATH\CodeIgniter.php(499): CodeIgniter\CodeIgniter->runController(Object(App\Controllers\Store))
 8 SYSTEMPATH\CodeIgniter.php(368): CodeIgniter\CodeIgniter->handleRequest(null, Object(Config\Cache), false)
 9 FCPATH\index.php(67): CodeIgniter\CodeIgniter->run()
10 SYSTEMPATH\Commands\Server\rewrite.php(47): require_once('C:\\xampp\\htdocs\\jordhy-ti4b\\Lunatic\\public\\index.php')
CRITICAL - 2023-05-18 15:05:34 --> Undefined variable $pending
in APPPATH\Views\templates\header.php on line 61.
 1 APPPATH\Views\templates\header.php(61): CodeIgniter\Debug\Exceptions->errorHandler(2, 'Undefined variable $pending', 'C:\\xampp\\htdocs\\jordhy-ti4b\\Lunatic\\app\\Views\\templates\\header.php', 61)
 2 SYSTEMPATH\View\View.php(213): include('C:\\xampp\\htdocs\\jordhy-ti4b\\Lunatic\\app\\Views\\templates\\header.php')
 3 SYSTEMPATH\View\View.php(216): CodeIgniter\View\View->CodeIgniter\View\{closure}()
 4 SYSTEMPATH\Common.php(1184): CodeIgniter\View\View->render('templates/header', [], true)
 5 APPPATH\Controllers\Store.php(25): view('templates/header', [...])
 6 SYSTEMPATH\CodeIgniter.php(934): App\Controllers\Store->index()
 7 SYSTEMPATH\CodeIgniter.php(499): CodeIgniter\CodeIgniter->runController(Object(App\Controllers\Store))
 8 SYSTEMPATH\CodeIgniter.php(368): CodeIgniter\CodeIgniter->handleRequest(null, Object(Config\Cache), false)
 9 FCPATH\index.php(67): CodeIgniter\CodeIgniter->run()
10 SYSTEMPATH\Commands\Server\rewrite.php(47): require_once('C:\\xampp\\htdocs\\jordhy-ti4b\\Lunatic\\public\\index.php')
CRITICAL - 2023-05-18 15:34:19 --> Call to undefined method App\Models\StockModel::getResult
in SYSTEMPATH\Model.php on line 842.
 1 APPPATH\Controllers\Store.php(37): CodeIgniter\Model->__call('getResult', [])
 2 SYSTEMPATH\CodeIgniter.php(934): App\Controllers\Store->update_stock()
 3 SYSTEMPATH\CodeIgniter.php(499): CodeIgniter\CodeIgniter->runController(Object(App\Controllers\Store))
 4 SYSTEMPATH\CodeIgniter.php(368): CodeIgniter\CodeIgniter->handleRequest(null, Object(Config\Cache), false)
 5 FCPATH\index.php(67): CodeIgniter\CodeIgniter->run()
 6 SYSTEMPATH\Commands\Server\rewrite.php(47): require_once('C:\\xampp\\htdocs\\jordhy-ti4b\\Lunatic\\public\\index.php')
CRITICAL - 2023-05-18 15:42:44 --> Undefined variable $pending
in APPPATH\Views\store\history-view.php on line 3.
 1 APPPATH\Views\store\history-view.php(3): CodeIgniter\Debug\Exceptions->errorHandler(2, 'Undefined variable $pending', 'C:\\xampp\\htdocs\\jordhy-ti4b\\Lunatic\\app\\Views\\store\\history-view.php', 3)
 2 SYSTEMPATH\View\View.php(213): include('C:\\xampp\\htdocs\\jordhy-ti4b\\Lunatic\\app\\Views\\store\\history-view.php')
 3 SYSTEMPATH\View\View.php(216): CodeIgniter\View\View->CodeIgniter\View\{closure}()
 4 SYSTEMPATH\Common.php(1184): CodeIgniter\View\View->render('/store/history-view.php', [], true)
 5 APPPATH\Controllers\Cart.php(45): view('/store/history-view.php', [...])
 6 SYSTEMPATH\CodeIgniter.php(934): App\Controllers\Cart->history()
 7 SYSTEMPATH\CodeIgniter.php(499): CodeIgniter\CodeIgniter->runController(Object(App\Controllers\Cart))
 8 SYSTEMPATH\CodeIgniter.php(368): CodeIgniter\CodeIgniter->handleRequest(null, Object(Config\Cache), false)
 9 FCPATH\index.php(67): CodeIgniter\CodeIgniter->run()
10 SYSTEMPATH\Commands\Server\rewrite.php(47): require_once('C:\\xampp\\htdocs\\jordhy-ti4b\\Lunatic\\public\\index.php')
