CRITICAL - 2023-05-19 13:22:29 --> Undefined variable $complete
in APPPATH\Views\store\admin-view.php on line 3.
 1 APPPATH\Views\store\admin-view.php(3): CodeIgniter\Debug\Exceptions->errorHandler(2, 'Undefined variable $complete', 'C:\\xampp\\htdocs\\jordhy-ti4b\\Lunatic\\app\\Views\\store\\admin-view.php', 3)
 2 SYSTEMPATH\View\View.php(213): include('C:\\xampp\\htdocs\\jordhy-ti4b\\Lunatic\\app\\Views\\store\\admin-view.php')
 3 SYSTEMPATH\View\View.php(216): CodeIgniter\View\View->CodeIgniter\View\{closure}()
 4 SYSTEMPATH\Common.php(1184): CodeIgniter\View\View->render('/store/admin-view.php', [], true)
 5 APPPATH\Controllers\Admin.php(36): view('/store/admin-view.php', [...])
 6 SYSTEMPATH\CodeIgniter.php(934): App\Controllers\Admin->display()
 7 SYSTEMPATH\CodeIgniter.php(499): CodeIgniter\CodeIgniter->runController(Object(App\Controllers\Admin))
 8 SYSTEMPATH\CodeIgniter.php(368): CodeIgniter\CodeIgniter->handleRequest(null, Object(Config\Cache), false)
 9 FCPATH\index.php(67): CodeIgniter\CodeIgniter->run()
10 SYSTEMPATH\Commands\Server\rewrite.php(47): require_once('C:\\xampp\\htdocs\\jordhy-ti4b\\Lunatic\\public\\index.php')
CRITICAL - 2023-05-19 13:23:01 --> Undefined variable $complete
in APPPATH\Views\store\admin-view.php on line 3.
 1 APPPATH\Views\store\admin-view.php(3): CodeIgniter\Debug\Exceptions->errorHandler(2, 'Undefined variable $complete', 'C:\\xampp\\htdocs\\jordhy-ti4b\\Lunatic\\app\\Views\\store\\admin-view.php', 3)
 2 SYSTEMPATH\View\View.php(213): include('C:\\xampp\\htdocs\\jordhy-ti4b\\Lunatic\\app\\Views\\store\\admin-view.php')
 3 SYSTEMPATH\View\View.php(216): CodeIgniter\View\View->CodeIgniter\View\{closure}()
 4 SYSTEMPATH\Common.php(1184): CodeIgniter\View\View->render('/store/admin-view.php', [], true)
 5 APPPATH\Controllers\Admin.php(36): view('/store/admin-view.php', [...])
 6 SYSTEMPATH\CodeIgniter.php(934): App\Controllers\Admin->display()
 7 SYSTEMPATH\CodeIgniter.php(499): CodeIgniter\CodeIgniter->runController(Object(App\Controllers\Admin))
 8 SYSTEMPATH\CodeIgniter.php(368): CodeIgniter\CodeIgniter->handleRequest(null, Object(Config\Cache), false)
 9 FCPATH\index.php(67): CodeIgniter\CodeIgniter->run()
10 SYSTEMPATH\Commands\Server\rewrite.php(47): require_once('C:\\xampp\\htdocs\\jordhy-ti4b\\Lunatic\\public\\index.php')
CRITICAL - 2023-05-19 13:26:47 --> Undefined variable $LOGIN
in APPPATH\Views\store\admin-view.php on line 16.
 1 APPPATH\Views\store\admin-view.php(16): CodeIgniter\Debug\Exceptions->errorHandler(2, 'Undefined variable $LOGIN', 'C:\\xampp\\htdocs\\jordhy-ti4b\\Lunatic\\app\\Views\\store\\admin-view.php', 16)
 2 SYSTEMPATH\View\View.php(213): include('C:\\xampp\\htdocs\\jordhy-ti4b\\Lunatic\\app\\Views\\store\\admin-view.php')
 3 SYSTEMPATH\View\View.php(216): CodeIgniter\View\View->CodeIgniter\View\{closure}()
 4 SYSTEMPATH\Common.php(1184): CodeIgniter\View\View->render('/store/admin-view.php', [], true)
 5 APPPATH\Controllers\Admin.php(36): view('/store/admin-view.php', [...])
 6 SYSTEMPATH\CodeIgniter.php(934): App\Controllers\Admin->display()
 7 SYSTEMPATH\CodeIgniter.php(499): CodeIgniter\CodeIgniter->runController(Object(App\Controllers\Admin))
 8 SYSTEMPATH\CodeIgniter.php(368): CodeIgniter\CodeIgniter->handleRequest(null, Object(Config\Cache), false)
 9 FCPATH\index.php(67): CodeIgniter\CodeIgniter->run()
10 SYSTEMPATH\Commands\Server\rewrite.php(47): require_once('C:\\xampp\\htdocs\\jordhy-ti4b\\Lunatic\\public\\index.php')
CRITICAL - 2023-05-19 13:37:42 --> Cannot use object of type stdClass as array
in APPPATH\Views\store\admin-view.php on line 28.
 1 SYSTEMPATH\View\View.php(213): include()
 2 SYSTEMPATH\View\View.php(216): CodeIgniter\View\View->CodeIgniter\View\{closure}()
 3 SYSTEMPATH\Common.php(1184): CodeIgniter\View\View->render('/store/admin-view.php', [], true)
 4 APPPATH\Controllers\Admin.php(36): view('/store/admin-view.php', [...])
 5 SYSTEMPATH\CodeIgniter.php(934): App\Controllers\Admin->display()
 6 SYSTEMPATH\CodeIgniter.php(499): CodeIgniter\CodeIgniter->runController(Object(App\Controllers\Admin))
 7 SYSTEMPATH\CodeIgniter.php(368): CodeIgniter\CodeIgniter->handleRequest(null, Object(Config\Cache), false)
 8 FCPATH\index.php(67): CodeIgniter\CodeIgniter->run()
 9 SYSTEMPATH\Commands\Server\rewrite.php(47): require_once('C:\\xampp\\htdocs\\jordhy-ti4b\\Lunatic\\public\\index.php')
CRITICAL - 2023-05-19 13:37:44 --> Cannot use object of type stdClass as array
in APPPATH\Views\store\admin-view.php on line 28.
 1 SYSTEMPATH\View\View.php(213): include()
 2 SYSTEMPATH\View\View.php(216): CodeIgniter\View\View->CodeIgniter\View\{closure}()
 3 SYSTEMPATH\Common.php(1184): CodeIgniter\View\View->render('/store/admin-view.php', [], true)
 4 APPPATH\Controllers\Admin.php(36): view('/store/admin-view.php', [...])
 5 SYSTEMPATH\CodeIgniter.php(934): App\Controllers\Admin->display()
 6 SYSTEMPATH\CodeIgniter.php(499): CodeIgniter\CodeIgniter->runController(Object(App\Controllers\Admin))
 7 SYSTEMPATH\CodeIgniter.php(368): CodeIgniter\CodeIgniter->handleRequest(null, Object(Config\Cache), false)
 8 FCPATH\index.php(67): CodeIgniter\CodeIgniter->run()
 9 SYSTEMPATH\Commands\Server\rewrite.php(47): require_once('C:\\xampp\\htdocs\\jordhy-ti4b\\Lunatic\\public\\index.php')
CRITICAL - 2023-05-19 13:38:42 --> count(): Argument #1 ($value) must be of type Countable|array, stdClass given
in APPPATH\Views\store\admin-view.php on line 25.
 1 SYSTEMPATH\View\View.php(213): include()
 2 SYSTEMPATH\View\View.php(216): CodeIgniter\View\View->CodeIgniter\View\{closure}()
 3 SYSTEMPATH\Common.php(1184): CodeIgniter\View\View->render('/store/admin-view.php', [], true)
 4 APPPATH\Controllers\Admin.php(36): view('/store/admin-view.php', [...])
 5 SYSTEMPATH\CodeIgniter.php(934): App\Controllers\Admin->display()
 6 SYSTEMPATH\CodeIgniter.php(499): CodeIgniter\CodeIgniter->runController(Object(App\Controllers\Admin))
 7 SYSTEMPATH\CodeIgniter.php(368): CodeIgniter\CodeIgniter->handleRequest(null, Object(Config\Cache), false)
 8 FCPATH\index.php(67): CodeIgniter\CodeIgniter->run()
 9 SYSTEMPATH\Commands\Server\rewrite.php(47): require_once('C:\\xampp\\htdocs\\jordhy-ti4b\\Lunatic\\public\\index.php')
CRITICAL - 2023-05-19 13:39:14 --> count(): Argument #1 ($value) must be of type Countable|array, stdClass given
in APPPATH\Views\store\admin-view.php on line 25.
 1 SYSTEMPATH\View\View.php(213): include()
 2 SYSTEMPATH\View\View.php(216): CodeIgniter\View\View->CodeIgniter\View\{closure}()
 3 SYSTEMPATH\Common.php(1184): CodeIgniter\View\View->render('/store/admin-view.php', [], true)
 4 APPPATH\Controllers\Admin.php(36): view('/store/admin-view.php', [...])
 5 SYSTEMPATH\CodeIgniter.php(934): App\Controllers\Admin->display()
 6 SYSTEMPATH\CodeIgniter.php(499): CodeIgniter\CodeIgniter->runController(Object(App\Controllers\Admin))
 7 SYSTEMPATH\CodeIgniter.php(368): CodeIgniter\CodeIgniter->handleRequest(null, Object(Config\Cache), false)
 8 FCPATH\index.php(67): CodeIgniter\CodeIgniter->run()
 9 SYSTEMPATH\Commands\Server\rewrite.php(47): require_once('C:\\xampp\\htdocs\\jordhy-ti4b\\Lunatic\\public\\index.php')
CRITICAL - 2023-05-19 14:00:14 --> syntax error, unexpected token ";"
in APPPATH\Views\templates\header.php on line 54.
 1 SYSTEMPATH\View\View.php(216): CodeIgniter\View\View->CodeIgniter\View\{closure}()
 2 SYSTEMPATH\Common.php(1184): CodeIgniter\View\View->render('/templates/header', [], true)
 3 APPPATH\Controllers\Admin.php(35): view('/templates/header', [...])
 4 SYSTEMPATH\CodeIgniter.php(934): App\Controllers\Admin->display()
 5 SYSTEMPATH\CodeIgniter.php(499): CodeIgniter\CodeIgniter->runController(Object(App\Controllers\Admin))
 6 SYSTEMPATH\CodeIgniter.php(368): CodeIgniter\CodeIgniter->handleRequest(null, Object(Config\Cache), false)
 7 FCPATH\index.php(67): CodeIgniter\CodeIgniter->run()
 8 SYSTEMPATH\Commands\Server\rewrite.php(47): require_once('C:\\xampp\\htdocs\\jordhy-ti4b\\Lunatic\\public\\index.php')
CRITICAL - 2023-05-19 14:00:16 --> syntax error, unexpected token ";"
in APPPATH\Views\templates\header.php on line 54.
 1 SYSTEMPATH\View\View.php(216): CodeIgniter\View\View->CodeIgniter\View\{closure}()
 2 SYSTEMPATH\Common.php(1184): CodeIgniter\View\View->render('/templates/header', [], true)
 3 APPPATH\Controllers\Admin.php(35): view('/templates/header', [...])
 4 SYSTEMPATH\CodeIgniter.php(934): App\Controllers\Admin->display()
 5 SYSTEMPATH\CodeIgniter.php(499): CodeIgniter\CodeIgniter->runController(Object(App\Controllers\Admin))
 6 SYSTEMPATH\CodeIgniter.php(368): CodeIgniter\CodeIgniter->handleRequest(null, Object(Config\Cache), false)
 7 FCPATH\index.php(67): CodeIgniter\CodeIgniter->run()
 8 SYSTEMPATH\Commands\Server\rewrite.php(47): require_once('C:\\xampp\\htdocs\\jordhy-ti4b\\Lunatic\\public\\index.php')
CRITICAL - 2023-05-19 14:11:17 --> Call to undefined method App\Models\TransactionModel::sort
in SYSTEMPATH\Model.php on line 842.
 1 APPPATH\Controllers\Admin.php(34): CodeIgniter\Model->__call('sort', [...])
 2 SYSTEMPATH\CodeIgniter.php(934): App\Controllers\Admin->display()
 3 SYSTEMPATH\CodeIgniter.php(499): CodeIgniter\CodeIgniter->runController(Object(App\Controllers\Admin))
 4 SYSTEMPATH\CodeIgniter.php(368): CodeIgniter\CodeIgniter->handleRequest(null, Object(Config\Cache), false)
 5 FCPATH\index.php(67): CodeIgniter\CodeIgniter->run()
 6 SYSTEMPATH\Commands\Server\rewrite.php(47): require_once('C:\\xampp\\htdocs\\jordhy-ti4b\\Lunatic\\public\\index.php')
CRITICAL - 2023-05-19 14:11:24 --> Call to undefined method App\Models\TransactionModel::sortBy
in SYSTEMPATH\Model.php on line 842.
 1 APPPATH\Controllers\Admin.php(34): CodeIgniter\Model->__call('sortBy', [...])
 2 SYSTEMPATH\CodeIgniter.php(934): App\Controllers\Admin->display()
 3 SYSTEMPATH\CodeIgniter.php(499): CodeIgniter\CodeIgniter->runController(Object(App\Controllers\Admin))
 4 SYSTEMPATH\CodeIgniter.php(368): CodeIgniter\CodeIgniter->handleRequest(null, Object(Config\Cache), false)
 5 FCPATH\index.php(67): CodeIgniter\CodeIgniter->run()
 6 SYSTEMPATH\Commands\Server\rewrite.php(47): require_once('C:\\xampp\\htdocs\\jordhy-ti4b\\Lunatic\\public\\index.php')
CRITICAL - 2023-05-19 14:11:25 --> Call to undefined method App\Models\TransactionModel::sortBy
in SYSTEMPATH\Model.php on line 842.
 1 APPPATH\Controllers\Admin.php(34): CodeIgniter\Model->__call('sortBy', [...])
 2 SYSTEMPATH\CodeIgniter.php(934): App\Controllers\Admin->display()
 3 SYSTEMPATH\CodeIgniter.php(499): CodeIgniter\CodeIgniter->runController(Object(App\Controllers\Admin))
 4 SYSTEMPATH\CodeIgniter.php(368): CodeIgniter\CodeIgniter->handleRequest(null, Object(Config\Cache), false)
 5 FCPATH\index.php(67): CodeIgniter\CodeIgniter->run()
 6 SYSTEMPATH\Commands\Server\rewrite.php(47): require_once('C:\\xampp\\htdocs\\jordhy-ti4b\\Lunatic\\public\\index.php')
CRITICAL - 2023-05-19 14:13:46 --> Call to undefined method App\Models\TransactionModel::order_by
in SYSTEMPATH\Model.php on line 842.
 1 APPPATH\Controllers\Admin.php(34): CodeIgniter\Model->__call('order_by', [...])
 2 SYSTEMPATH\CodeIgniter.php(934): App\Controllers\Admin->display()
 3 SYSTEMPATH\CodeIgniter.php(499): CodeIgniter\CodeIgniter->runController(Object(App\Controllers\Admin))
 4 SYSTEMPATH\CodeIgniter.php(368): CodeIgniter\CodeIgniter->handleRequest(null, Object(Config\Cache), false)
 5 FCPATH\index.php(67): CodeIgniter\CodeIgniter->run()
 6 SYSTEMPATH\Commands\Server\rewrite.php(47): require_once('C:\\xampp\\htdocs\\jordhy-ti4b\\Lunatic\\public\\index.php')
CRITICAL - 2023-05-19 14:13:47 --> Call to undefined method App\Models\TransactionModel::order_by
in SYSTEMPATH\Model.php on line 842.
 1 APPPATH\Controllers\Admin.php(34): CodeIgniter\Model->__call('order_by', [...])
 2 SYSTEMPATH\CodeIgniter.php(934): App\Controllers\Admin->display()
 3 SYSTEMPATH\CodeIgniter.php(499): CodeIgniter\CodeIgniter->runController(Object(App\Controllers\Admin))
 4 SYSTEMPATH\CodeIgniter.php(368): CodeIgniter\CodeIgniter->handleRequest(null, Object(Config\Cache), false)
 5 FCPATH\index.php(67): CodeIgniter\CodeIgniter->run()
 6 SYSTEMPATH\Commands\Server\rewrite.php(47): require_once('C:\\xampp\\htdocs\\jordhy-ti4b\\Lunatic\\public\\index.php')
CRITICAL - 2023-05-19 14:14:02 --> Call to undefined method App\Models\TransactionModel::order_by
in SYSTEMPATH\Model.php on line 842.
 1 APPPATH\Controllers\Admin.php(34): CodeIgniter\Model->__call('order_by', [...])
 2 SYSTEMPATH\CodeIgniter.php(934): App\Controllers\Admin->display()
 3 SYSTEMPATH\CodeIgniter.php(499): CodeIgniter\CodeIgniter->runController(Object(App\Controllers\Admin))
 4 SYSTEMPATH\CodeIgniter.php(368): CodeIgniter\CodeIgniter->handleRequest(null, Object(Config\Cache), false)
 5 FCPATH\index.php(67): CodeIgniter\CodeIgniter->run()
 6 SYSTEMPATH\Commands\Server\rewrite.php(47): require_once('C:\\xampp\\htdocs\\jordhy-ti4b\\Lunatic\\public\\index.php')
CRITICAL - 2023-05-19 14:15:12 --> Call to undefined method App\Models\TransactionModel::order_by
in SYSTEMPATH\Model.php on line 842.
 1 APPPATH\Controllers\Admin.php(34): CodeIgniter\Model->__call('order_by', [...])
 2 SYSTEMPATH\CodeIgniter.php(934): App\Controllers\Admin->display()
 3 SYSTEMPATH\CodeIgniter.php(499): CodeIgniter\CodeIgniter->runController(Object(App\Controllers\Admin))
 4 SYSTEMPATH\CodeIgniter.php(368): CodeIgniter\CodeIgniter->handleRequest(null, Object(Config\Cache), false)
 5 FCPATH\index.php(67): CodeIgniter\CodeIgniter->run()
 6 SYSTEMPATH\Commands\Server\rewrite.php(47): require_once('C:\\xampp\\htdocs\\jordhy-ti4b\\Lunatic\\public\\index.php')
CRITICAL - 2023-05-19 14:15:13 --> Call to undefined method App\Models\TransactionModel::order_by
in SYSTEMPATH\Model.php on line 842.
 1 APPPATH\Controllers\Admin.php(34): CodeIgniter\Model->__call('order_by', [...])
 2 SYSTEMPATH\CodeIgniter.php(934): App\Controllers\Admin->display()
 3 SYSTEMPATH\CodeIgniter.php(499): CodeIgniter\CodeIgniter->runController(Object(App\Controllers\Admin))
 4 SYSTEMPATH\CodeIgniter.php(368): CodeIgniter\CodeIgniter->handleRequest(null, Object(Config\Cache), false)
 5 FCPATH\index.php(67): CodeIgniter\CodeIgniter->run()
 6 SYSTEMPATH\Commands\Server\rewrite.php(47): require_once('C:\\xampp\\htdocs\\jordhy-ti4b\\Lunatic\\public\\index.php')
CRITICAL - 2023-05-19 14:17:57 --> Attempt to read property "created_at" on null
in APPPATH\Controllers\Admin.php on line 34.
 1 APPPATH\Controllers\Admin.php(34): CodeIgniter\Debug\Exceptions->errorHandler(2, 'Attempt to read property "created_at" on null', 'C:\\xampp\\htdocs\\jordhy-ti4b\\Lunatic\\app\\Controllers\\Admin.php', 34)
 2 SYSTEMPATH\CodeIgniter.php(934): App\Controllers\Admin->display()
 3 SYSTEMPATH\CodeIgniter.php(499): CodeIgniter\CodeIgniter->runController(Object(App\Controllers\Admin))
 4 SYSTEMPATH\CodeIgniter.php(368): CodeIgniter\CodeIgniter->handleRequest(null, Object(Config\Cache), false)
 5 FCPATH\index.php(67): CodeIgniter\CodeIgniter->run()
 6 SYSTEMPATH\Commands\Server\rewrite.php(47): require_once('C:\\xampp\\htdocs\\jordhy-ti4b\\Lunatic\\public\\index.php')
CRITICAL - 2023-05-19 14:19:32 --> Attempt to read property "stock" on null
in APPPATH\Controllers\Admin.php on line 34.
 1 APPPATH\Controllers\Admin.php(34): CodeIgniter\Debug\Exceptions->errorHandler(2, 'Attempt to read property "stock" on null', 'C:\\xampp\\htdocs\\jordhy-ti4b\\Lunatic\\app\\Controllers\\Admin.php', 34)
 2 SYSTEMPATH\CodeIgniter.php(934): App\Controllers\Admin->display()
 3 SYSTEMPATH\CodeIgniter.php(499): CodeIgniter\CodeIgniter->runController(Object(App\Controllers\Admin))
 4 SYSTEMPATH\CodeIgniter.php(368): CodeIgniter\CodeIgniter->handleRequest(null, Object(Config\Cache), false)
 5 FCPATH\index.php(67): CodeIgniter\CodeIgniter->run()
 6 SYSTEMPATH\Commands\Server\rewrite.php(47): require_once('C:\\xampp\\htdocs\\jordhy-ti4b\\Lunatic\\public\\index.php')
CRITICAL - 2023-05-19 14:19:33 --> Attempt to read property "stock" on null
in APPPATH\Controllers\Admin.php on line 34.
 1 APPPATH\Controllers\Admin.php(34): CodeIgniter\Debug\Exceptions->errorHandler(2, 'Attempt to read property "stock" on null', 'C:\\xampp\\htdocs\\jordhy-ti4b\\Lunatic\\app\\Controllers\\Admin.php', 34)
 2 SYSTEMPATH\CodeIgniter.php(934): App\Controllers\Admin->display()
 3 SYSTEMPATH\CodeIgniter.php(499): CodeIgniter\CodeIgniter->runController(Object(App\Controllers\Admin))
 4 SYSTEMPATH\CodeIgniter.php(368): CodeIgniter\CodeIgniter->handleRequest(null, Object(Config\Cache), false)
 5 FCPATH\index.php(67): CodeIgniter\CodeIgniter->run()
 6 SYSTEMPATH\Commands\Server\rewrite.php(47): require_once('C:\\xampp\\htdocs\\jordhy-ti4b\\Lunatic\\public\\index.php')
CRITICAL - 2023-05-19 14:21:52 --> Call to a member function order_by() on array
in APPPATH\Controllers\Admin.php on line 35.
 1 SYSTEMPATH\CodeIgniter.php(934): App\Controllers\Admin->display()
 2 SYSTEMPATH\CodeIgniter.php(499): CodeIgniter\CodeIgniter->runController(Object(App\Controllers\Admin))
 3 SYSTEMPATH\CodeIgniter.php(368): CodeIgniter\CodeIgniter->handleRequest(null, Object(Config\Cache), false)
 4 FCPATH\index.php(67): CodeIgniter\CodeIgniter->run()
 5 SYSTEMPATH\Commands\Server\rewrite.php(47): require_once('C:\\xampp\\htdocs\\jordhy-ti4b\\Lunatic\\public\\index.php')
CRITICAL - 2023-05-19 14:22:24 --> Call to a member function order_by() on array
in APPPATH\Controllers\Admin.php on line 35.
 1 SYSTEMPATH\CodeIgniter.php(934): App\Controllers\Admin->display()
 2 SYSTEMPATH\CodeIgniter.php(499): CodeIgniter\CodeIgniter->runController(Object(App\Controllers\Admin))
 3 SYSTEMPATH\CodeIgniter.php(368): CodeIgniter\CodeIgniter->handleRequest(null, Object(Config\Cache), false)
 4 FCPATH\index.php(67): CodeIgniter\CodeIgniter->run()
 5 SYSTEMPATH\Commands\Server\rewrite.php(47): require_once('C:\\xampp\\htdocs\\jordhy-ti4b\\Lunatic\\public\\index.php')
CRITICAL - 2023-05-19 14:22:25 --> Call to a member function order_by() on array
in APPPATH\Controllers\Admin.php on line 35.
 1 SYSTEMPATH\CodeIgniter.php(934): App\Controllers\Admin->display()
 2 SYSTEMPATH\CodeIgniter.php(499): CodeIgniter\CodeIgniter->runController(Object(App\Controllers\Admin))
 3 SYSTEMPATH\CodeIgniter.php(368): CodeIgniter\CodeIgniter->handleRequest(null, Object(Config\Cache), false)
 4 FCPATH\index.php(67): CodeIgniter\CodeIgniter->run()
 5 SYSTEMPATH\Commands\Server\rewrite.php(47): require_once('C:\\xampp\\htdocs\\jordhy-ti4b\\Lunatic\\public\\index.php')
CRITICAL - 2023-05-19 14:22:49 --> Call to undefined method App\Models\TransactionModel::order_by
in SYSTEMPATH\Model.php on line 842.
 1 APPPATH\Controllers\Admin.php(35): CodeIgniter\Model->__call('order_by', [...])
 2 SYSTEMPATH\CodeIgniter.php(934): App\Controllers\Admin->display()
 3 SYSTEMPATH\CodeIgniter.php(499): CodeIgniter\CodeIgniter->runController(Object(App\Controllers\Admin))
 4 SYSTEMPATH\CodeIgniter.php(368): CodeIgniter\CodeIgniter->handleRequest(null, Object(Config\Cache), false)
 5 FCPATH\index.php(67): CodeIgniter\CodeIgniter->run()
 6 SYSTEMPATH\Commands\Server\rewrite.php(47): require_once('C:\\xampp\\htdocs\\jordhy-ti4b\\Lunatic\\public\\index.php')
CRITICAL - 2023-05-19 14:22:50 --> Call to undefined method App\Models\TransactionModel::order_by
in SYSTEMPATH\Model.php on line 842.
 1 APPPATH\Controllers\Admin.php(35): CodeIgniter\Model->__call('order_by', [...])
 2 SYSTEMPATH\CodeIgniter.php(934): App\Controllers\Admin->display()
 3 SYSTEMPATH\CodeIgniter.php(499): CodeIgniter\CodeIgniter->runController(Object(App\Controllers\Admin))
 4 SYSTEMPATH\CodeIgniter.php(368): CodeIgniter\CodeIgniter->handleRequest(null, Object(Config\Cache), false)
 5 FCPATH\index.php(67): CodeIgniter\CodeIgniter->run()
 6 SYSTEMPATH\Commands\Server\rewrite.php(47): require_once('C:\\xampp\\htdocs\\jordhy-ti4b\\Lunatic\\public\\index.php')
CRITICAL - 2023-05-19 14:24:46 --> Call to undefined method App\Models\TransactionModel::order_by
in SYSTEMPATH\Model.php on line 842.
 1 APPPATH\Controllers\Admin.php(35): CodeIgniter\Model->__call('order_by', [...])
 2 SYSTEMPATH\CodeIgniter.php(934): App\Controllers\Admin->display()
 3 SYSTEMPATH\CodeIgniter.php(499): CodeIgniter\CodeIgniter->runController(Object(App\Controllers\Admin))
 4 SYSTEMPATH\CodeIgniter.php(368): CodeIgniter\CodeIgniter->handleRequest(null, Object(Config\Cache), false)
 5 FCPATH\index.php(67): CodeIgniter\CodeIgniter->run()
 6 SYSTEMPATH\Commands\Server\rewrite.php(47): require_once('C:\\xampp\\htdocs\\jordhy-ti4b\\Lunatic\\public\\index.php')
CRITICAL - 2023-05-19 14:24:47 --> Call to undefined method App\Models\TransactionModel::order_by
in SYSTEMPATH\Model.php on line 842.
 1 APPPATH\Controllers\Admin.php(35): CodeIgniter\Model->__call('order_by', [...])
 2 SYSTEMPATH\CodeIgniter.php(934): App\Controllers\Admin->display()
 3 SYSTEMPATH\CodeIgniter.php(499): CodeIgniter\CodeIgniter->runController(Object(App\Controllers\Admin))
 4 SYSTEMPATH\CodeIgniter.php(368): CodeIgniter\CodeIgniter->handleRequest(null, Object(Config\Cache), false)
 5 FCPATH\index.php(67): CodeIgniter\CodeIgniter->run()
 6 SYSTEMPATH\Commands\Server\rewrite.php(47): require_once('C:\\xampp\\htdocs\\jordhy-ti4b\\Lunatic\\public\\index.php')
CRITICAL - 2023-05-19 14:25:24 --> Call to undefined method App\Models\TransactionModel::order_by
in SYSTEMPATH\Model.php on line 842.
 1 APPPATH\Controllers\Admin.php(35): CodeIgniter\Model->__call('order_by', [...])
 2 SYSTEMPATH\CodeIgniter.php(934): App\Controllers\Admin->display()
 3 SYSTEMPATH\CodeIgniter.php(499): CodeIgniter\CodeIgniter->runController(Object(App\Controllers\Admin))
 4 SYSTEMPATH\CodeIgniter.php(368): CodeIgniter\CodeIgniter->handleRequest(null, Object(Config\Cache), false)
 5 FCPATH\index.php(67): CodeIgniter\CodeIgniter->run()
 6 SYSTEMPATH\Commands\Server\rewrite.php(47): require_once('C:\\xampp\\htdocs\\jordhy-ti4b\\Lunatic\\public\\index.php')
CRITICAL - 2023-05-19 14:25:25 --> Call to undefined method App\Models\TransactionModel::order_by
in SYSTEMPATH\Model.php on line 842.
 1 APPPATH\Controllers\Admin.php(35): CodeIgniter\Model->__call('order_by', [...])
 2 SYSTEMPATH\CodeIgniter.php(934): App\Controllers\Admin->display()
 3 SYSTEMPATH\CodeIgniter.php(499): CodeIgniter\CodeIgniter->runController(Object(App\Controllers\Admin))
 4 SYSTEMPATH\CodeIgniter.php(368): CodeIgniter\CodeIgniter->handleRequest(null, Object(Config\Cache), false)
 5 FCPATH\index.php(67): CodeIgniter\CodeIgniter->run()
 6 SYSTEMPATH\Commands\Server\rewrite.php(47): require_once('C:\\xampp\\htdocs\\jordhy-ti4b\\Lunatic\\public\\index.php')
CRITICAL - 2023-05-19 14:26:22 --> Call to undefined method App\Models\TransactionModel::order_by
in SYSTEMPATH\Model.php on line 842.
 1 APPPATH\Controllers\Admin.php(35): CodeIgniter\Model->__call('order_by', [...])
 2 SYSTEMPATH\CodeIgniter.php(934): App\Controllers\Admin->display()
 3 SYSTEMPATH\CodeIgniter.php(499): CodeIgniter\CodeIgniter->runController(Object(App\Controllers\Admin))
 4 SYSTEMPATH\CodeIgniter.php(368): CodeIgniter\CodeIgniter->handleRequest(null, Object(Config\Cache), false)
 5 FCPATH\index.php(67): CodeIgniter\CodeIgniter->run()
 6 SYSTEMPATH\Commands\Server\rewrite.php(47): require_once('C:\\xampp\\htdocs\\jordhy-ti4b\\Lunatic\\public\\index.php')
CRITICAL - 2023-05-19 14:28:17 --> Call to undefined method App\Models\TransactionModel::order_by
in SYSTEMPATH\Model.php on line 842.
 1 APPPATH\Controllers\Admin.php(35): CodeIgniter\Model->__call('order_by', [...])
 2 SYSTEMPATH\CodeIgniter.php(934): App\Controllers\Admin->display()
 3 SYSTEMPATH\CodeIgniter.php(499): CodeIgniter\CodeIgniter->runController(Object(App\Controllers\Admin))
 4 SYSTEMPATH\CodeIgniter.php(368): CodeIgniter\CodeIgniter->handleRequest(null, Object(Config\Cache), false)
 5 FCPATH\index.php(67): CodeIgniter\CodeIgniter->run()
 6 SYSTEMPATH\Commands\Server\rewrite.php(47): require_once('C:\\xampp\\htdocs\\jordhy-ti4b\\Lunatic\\public\\index.php')
CRITICAL - 2023-05-19 14:28:19 --> Call to undefined method App\Models\TransactionModel::order_by
in SYSTEMPATH\Model.php on line 842.
 1 APPPATH\Controllers\Admin.php(35): CodeIgniter\Model->__call('order_by', [...])
 2 SYSTEMPATH\CodeIgniter.php(934): App\Controllers\Admin->display()
 3 SYSTEMPATH\CodeIgniter.php(499): CodeIgniter\CodeIgniter->runController(Object(App\Controllers\Admin))
 4 SYSTEMPATH\CodeIgniter.php(368): CodeIgniter\CodeIgniter->handleRequest(null, Object(Config\Cache), false)
 5 FCPATH\index.php(67): CodeIgniter\CodeIgniter->run()
 6 SYSTEMPATH\Commands\Server\rewrite.php(47): require_once('C:\\xampp\\htdocs\\jordhy-ti4b\\Lunatic\\public\\index.php')
CRITICAL - 2023-05-19 14:30:56 --> Call to undefined method App\Models\TransactionModel::order_by
in SYSTEMPATH\Model.php on line 842.
 1 APPPATH\Controllers\Admin.php(34): CodeIgniter\Model->__call('order_by', [...])
 2 SYSTEMPATH\CodeIgniter.php(934): App\Controllers\Admin->display()
 3 SYSTEMPATH\CodeIgniter.php(499): CodeIgniter\CodeIgniter->runController(Object(App\Controllers\Admin))
 4 SYSTEMPATH\CodeIgniter.php(368): CodeIgniter\CodeIgniter->handleRequest(null, Object(Config\Cache), false)
 5 FCPATH\index.php(67): CodeIgniter\CodeIgniter->run()
 6 SYSTEMPATH\Commands\Server\rewrite.php(47): require_once('C:\\xampp\\htdocs\\jordhy-ti4b\\Lunatic\\public\\index.php')
CRITICAL - 2023-05-19 14:30:59 --> Call to undefined method App\Models\TransactionModel::order_by
in SYSTEMPATH\Model.php on line 842.
 1 APPPATH\Controllers\Admin.php(34): CodeIgniter\Model->__call('order_by', [...])
 2 SYSTEMPATH\CodeIgniter.php(934): App\Controllers\Admin->display()
 3 SYSTEMPATH\CodeIgniter.php(499): CodeIgniter\CodeIgniter->runController(Object(App\Controllers\Admin))
 4 SYSTEMPATH\CodeIgniter.php(368): CodeIgniter\CodeIgniter->handleRequest(null, Object(Config\Cache), false)
 5 FCPATH\index.php(67): CodeIgniter\CodeIgniter->run()
 6 SYSTEMPATH\Commands\Server\rewrite.php(47): require_once('C:\\xampp\\htdocs\\jordhy-ti4b\\Lunatic\\public\\index.php')
CRITICAL - 2023-05-19 14:31:24 --> Call to undefined method App\Models\TransactionModel::order_by
in SYSTEMPATH\Model.php on line 842.
 1 APPPATH\Controllers\Admin.php(34): CodeIgniter\Model->__call('order_by', [...])
 2 SYSTEMPATH\CodeIgniter.php(934): App\Controllers\Admin->display()
 3 SYSTEMPATH\CodeIgniter.php(499): CodeIgniter\CodeIgniter->runController(Object(App\Controllers\Admin))
 4 SYSTEMPATH\CodeIgniter.php(368): CodeIgniter\CodeIgniter->handleRequest(null, Object(Config\Cache), false)
 5 FCPATH\index.php(67): CodeIgniter\CodeIgniter->run()
 6 SYSTEMPATH\Commands\Server\rewrite.php(47): require_once('C:\\xampp\\htdocs\\jordhy-ti4b\\Lunatic\\public\\index.php')
CRITICAL - 2023-05-19 14:32:30 --> Call to undefined method App\Models\TransactionModel::order_by
in SYSTEMPATH\Model.php on line 842.
 1 APPPATH\Controllers\Admin.php(34): CodeIgniter\Model->__call('order_by', [...])
 2 SYSTEMPATH\CodeIgniter.php(934): App\Controllers\Admin->display()
 3 SYSTEMPATH\CodeIgniter.php(499): CodeIgniter\CodeIgniter->runController(Object(App\Controllers\Admin))
 4 SYSTEMPATH\CodeIgniter.php(368): CodeIgniter\CodeIgniter->handleRequest(null, Object(Config\Cache), false)
 5 FCPATH\index.php(67): CodeIgniter\CodeIgniter->run()
 6 SYSTEMPATH\Commands\Server\rewrite.php(47): require_once('C:\\xampp\\htdocs\\jordhy-ti4b\\Lunatic\\public\\index.php')
CRITICAL - 2023-05-19 14:32:30 --> Call to undefined method App\Models\TransactionModel::order_by
in SYSTEMPATH\Model.php on line 842.
 1 APPPATH\Controllers\Admin.php(34): CodeIgniter\Model->__call('order_by', [...])
 2 SYSTEMPATH\CodeIgniter.php(934): App\Controllers\Admin->display()
 3 SYSTEMPATH\CodeIgniter.php(499): CodeIgniter\CodeIgniter->runController(Object(App\Controllers\Admin))
 4 SYSTEMPATH\CodeIgniter.php(368): CodeIgniter\CodeIgniter->handleRequest(null, Object(Config\Cache), false)
 5 FCPATH\index.php(67): CodeIgniter\CodeIgniter->run()
 6 SYSTEMPATH\Commands\Server\rewrite.php(47): require_once('C:\\xampp\\htdocs\\jordhy-ti4b\\Lunatic\\public\\index.php')
CRITICAL - 2023-05-19 14:32:31 --> Call to undefined method App\Models\TransactionModel::order_by
in SYSTEMPATH\Model.php on line 842.
 1 APPPATH\Controllers\Admin.php(34): CodeIgniter\Model->__call('order_by', [...])
 2 SYSTEMPATH\CodeIgniter.php(934): App\Controllers\Admin->display()
 3 SYSTEMPATH\CodeIgniter.php(499): CodeIgniter\CodeIgniter->runController(Object(App\Controllers\Admin))
 4 SYSTEMPATH\CodeIgniter.php(368): CodeIgniter\CodeIgniter->handleRequest(null, Object(Config\Cache), false)
 5 FCPATH\index.php(67): CodeIgniter\CodeIgniter->run()
 6 SYSTEMPATH\Commands\Server\rewrite.php(47): require_once('C:\\xampp\\htdocs\\jordhy-ti4b\\Lunatic\\public\\index.php')
CRITICAL - 2023-05-19 14:32:32 --> Call to undefined method App\Models\TransactionModel::order_by
in SYSTEMPATH\Model.php on line 842.
 1 APPPATH\Controllers\Admin.php(34): CodeIgniter\Model->__call('order_by', [...])
 2 SYSTEMPATH\CodeIgniter.php(934): App\Controllers\Admin->display()
 3 SYSTEMPATH\CodeIgniter.php(499): CodeIgniter\CodeIgniter->runController(Object(App\Controllers\Admin))
 4 SYSTEMPATH\CodeIgniter.php(368): CodeIgniter\CodeIgniter->handleRequest(null, Object(Config\Cache), false)
 5 FCPATH\index.php(67): CodeIgniter\CodeIgniter->run()
 6 SYSTEMPATH\Commands\Server\rewrite.php(47): require_once('C:\\xampp\\htdocs\\jordhy-ti4b\\Lunatic\\public\\index.php')
CRITICAL - 2023-05-19 14:32:33 --> Call to undefined method App\Models\TransactionModel::order_by
in SYSTEMPATH\Model.php on line 842.
 1 APPPATH\Controllers\Admin.php(34): CodeIgniter\Model->__call('order_by', [...])
 2 SYSTEMPATH\CodeIgniter.php(934): App\Controllers\Admin->display()
 3 SYSTEMPATH\CodeIgniter.php(499): CodeIgniter\CodeIgniter->runController(Object(App\Controllers\Admin))
 4 SYSTEMPATH\CodeIgniter.php(368): CodeIgniter\CodeIgniter->handleRequest(null, Object(Config\Cache), false)
 5 FCPATH\index.php(67): CodeIgniter\CodeIgniter->run()
 6 SYSTEMPATH\Commands\Server\rewrite.php(47): require_once('C:\\xampp\\htdocs\\jordhy-ti4b\\Lunatic\\public\\index.php')
CRITICAL - 2023-05-19 14:34:27 --> count(): Argument #1 ($value) must be of type Countable|array, CodeIgniter\Database\MySQLi\Result given
in APPPATH\Views\store\admin-view.php on line 23.
 1 SYSTEMPATH\View\View.php(213): include()
 2 SYSTEMPATH\View\View.php(216): CodeIgniter\View\View->CodeIgniter\View\{closure}()
 3 SYSTEMPATH\Common.php(1184): CodeIgniter\View\View->render('/store/admin-view.php', [], true)
 4 APPPATH\Controllers\Admin.php(37): view('/store/admin-view.php', [...])
 5 SYSTEMPATH\CodeIgniter.php(934): App\Controllers\Admin->display()
 6 SYSTEMPATH\CodeIgniter.php(499): CodeIgniter\CodeIgniter->runController(Object(App\Controllers\Admin))
 7 SYSTEMPATH\CodeIgniter.php(368): CodeIgniter\CodeIgniter->handleRequest(null, Object(Config\Cache), false)
 8 FCPATH\index.php(67): CodeIgniter\CodeIgniter->run()
 9 SYSTEMPATH\Commands\Server\rewrite.php(47): require_once('C:\\xampp\\htdocs\\jordhy-ti4b\\Lunatic\\public\\index.php')
CRITICAL - 2023-05-19 14:34:56 --> count(): Argument #1 ($value) must be of type Countable|array, CodeIgniter\Database\MySQLi\Result given
in APPPATH\Views\store\admin-view.php on line 23.
 1 SYSTEMPATH\View\View.php(213): include()
 2 SYSTEMPATH\View\View.php(216): CodeIgniter\View\View->CodeIgniter\View\{closure}()
 3 SYSTEMPATH\Common.php(1184): CodeIgniter\View\View->render('/store/admin-view.php', [], true)
 4 APPPATH\Controllers\Admin.php(36): view('/store/admin-view.php', [...])
 5 SYSTEMPATH\CodeIgniter.php(934): App\Controllers\Admin->display()
 6 SYSTEMPATH\CodeIgniter.php(499): CodeIgniter\CodeIgniter->runController(Object(App\Controllers\Admin))
 7 SYSTEMPATH\CodeIgniter.php(368): CodeIgniter\CodeIgniter->handleRequest(null, Object(Config\Cache), false)
 8 FCPATH\index.php(67): CodeIgniter\CodeIgniter->run()
 9 SYSTEMPATH\Commands\Server\rewrite.php(47): require_once('C:\\xampp\\htdocs\\jordhy-ti4b\\Lunatic\\public\\index.php')
CRITICAL - 2023-05-19 14:35:12 --> count(): Argument #1 ($value) must be of type Countable|array, CodeIgniter\Database\MySQLi\Result given
in APPPATH\Views\store\admin-view.php on line 23.
 1 SYSTEMPATH\View\View.php(213): include()
 2 SYSTEMPATH\View\View.php(216): CodeIgniter\View\View->CodeIgniter\View\{closure}()
 3 SYSTEMPATH\Common.php(1184): CodeIgniter\View\View->render('/store/admin-view.php', [], true)
 4 APPPATH\Controllers\Admin.php(36): view('/store/admin-view.php', [...])
 5 SYSTEMPATH\CodeIgniter.php(934): App\Controllers\Admin->display()
 6 SYSTEMPATH\CodeIgniter.php(499): CodeIgniter\CodeIgniter->runController(Object(App\Controllers\Admin))
 7 SYSTEMPATH\CodeIgniter.php(368): CodeIgniter\CodeIgniter->handleRequest(null, Object(Config\Cache), false)
 8 FCPATH\index.php(67): CodeIgniter\CodeIgniter->run()
 9 SYSTEMPATH\Commands\Server\rewrite.php(47): require_once('C:\\xampp\\htdocs\\jordhy-ti4b\\Lunatic\\public\\index.php')
CRITICAL - 2023-05-19 14:35:14 --> count(): Argument #1 ($value) must be of type Countable|array, CodeIgniter\Database\MySQLi\Result given
in APPPATH\Views\store\admin-view.php on line 23.
 1 SYSTEMPATH\View\View.php(213): include()
 2 SYSTEMPATH\View\View.php(216): CodeIgniter\View\View->CodeIgniter\View\{closure}()
 3 SYSTEMPATH\Common.php(1184): CodeIgniter\View\View->render('/store/admin-view.php', [], true)
 4 APPPATH\Controllers\Admin.php(36): view('/store/admin-view.php', [...])
 5 SYSTEMPATH\CodeIgniter.php(934): App\Controllers\Admin->display()
 6 SYSTEMPATH\CodeIgniter.php(499): CodeIgniter\CodeIgniter->runController(Object(App\Controllers\Admin))
 7 SYSTEMPATH\CodeIgniter.php(368): CodeIgniter\CodeIgniter->handleRequest(null, Object(Config\Cache), false)
 8 FCPATH\index.php(67): CodeIgniter\CodeIgniter->run()
 9 SYSTEMPATH\Commands\Server\rewrite.php(47): require_once('C:\\xampp\\htdocs\\jordhy-ti4b\\Lunatic\\public\\index.php')
CRITICAL - 2023-05-19 14:35:15 --> count(): Argument #1 ($value) must be of type Countable|array, CodeIgniter\Database\MySQLi\Result given
in APPPATH\Views\store\admin-view.php on line 23.
 1 SYSTEMPATH\View\View.php(213): include()
 2 SYSTEMPATH\View\View.php(216): CodeIgniter\View\View->CodeIgniter\View\{closure}()
 3 SYSTEMPATH\Common.php(1184): CodeIgniter\View\View->render('/store/admin-view.php', [], true)
 4 APPPATH\Controllers\Admin.php(36): view('/store/admin-view.php', [...])
 5 SYSTEMPATH\CodeIgniter.php(934): App\Controllers\Admin->display()
 6 SYSTEMPATH\CodeIgniter.php(499): CodeIgniter\CodeIgniter->runController(Object(App\Controllers\Admin))
 7 SYSTEMPATH\CodeIgniter.php(368): CodeIgniter\CodeIgniter->handleRequest(null, Object(Config\Cache), false)
 8 FCPATH\index.php(67): CodeIgniter\CodeIgniter->run()
 9 SYSTEMPATH\Commands\Server\rewrite.php(47): require_once('C:\\xampp\\htdocs\\jordhy-ti4b\\Lunatic\\public\\index.php')
CRITICAL - 2023-05-19 17:08:09 --> syntax error, unexpected token "}", expecting "," or ";"
in APPPATH\Views\store\buy-view.php on line 30.
 1 SYSTEMPATH\View\View.php(216): CodeIgniter\View\View->CodeIgniter\View\{closure}()
 2 SYSTEMPATH\Common.php(1184): CodeIgniter\View\View->render('store/buy-view.php', [], true)
 3 APPPATH\Controllers\Buy.php(43): view('store/buy-view.php', [...])
 4 SYSTEMPATH\CodeIgniter.php(934): App\Controllers\Buy->display('1')
 5 SYSTEMPATH\CodeIgniter.php(499): CodeIgniter\CodeIgniter->runController(Object(App\Controllers\Buy))
 6 SYSTEMPATH\CodeIgniter.php(368): CodeIgniter\CodeIgniter->handleRequest(null, Object(Config\Cache), false)
 7 FCPATH\index.php(67): CodeIgniter\CodeIgniter->run()
 8 SYSTEMPATH\Commands\Server\rewrite.php(47): require_once('C:\\xampp\\htdocs\\jordhy-ti4b\\Lunatic\\public\\index.php')
CRITICAL - 2023-05-19 17:08:11 --> syntax error, unexpected token "}", expecting "," or ";"
in APPPATH\Views\store\buy-view.php on line 30.
 1 SYSTEMPATH\View\View.php(216): CodeIgniter\View\View->CodeIgniter\View\{closure}()
 2 SYSTEMPATH\Common.php(1184): CodeIgniter\View\View->render('store/buy-view.php', [], true)
 3 APPPATH\Controllers\Buy.php(43): view('store/buy-view.php', [...])
 4 SYSTEMPATH\CodeIgniter.php(934): App\Controllers\Buy->display('1')
 5 SYSTEMPATH\CodeIgniter.php(499): CodeIgniter\CodeIgniter->runController(Object(App\Controllers\Buy))
 6 SYSTEMPATH\CodeIgniter.php(368): CodeIgniter\CodeIgniter->handleRequest(null, Object(Config\Cache), false)
 7 FCPATH\index.php(67): CodeIgniter\CodeIgniter->run()
 8 SYSTEMPATH\Commands\Server\rewrite.php(47): require_once('C:\\xampp\\htdocs\\jordhy-ti4b\\Lunatic\\public\\index.php')
CRITICAL - 2023-05-19 17:15:47 --> Object of class CodeIgniter\HTTP\IncomingRequest could not be converted to string
in APPPATH\Controllers\Store.php on line 34.
 1 SYSTEMPATH\CodeIgniter.php(934): App\Controllers\Store->update_stock()
 2 SYSTEMPATH\CodeIgniter.php(499): CodeIgniter\CodeIgniter->runController(Object(App\Controllers\Store))
 3 SYSTEMPATH\CodeIgniter.php(368): CodeIgniter\CodeIgniter->handleRequest(null, Object(Config\Cache), false)
 4 FCPATH\index.php(67): CodeIgniter\CodeIgniter->run()
 5 SYSTEMPATH\Commands\Server\rewrite.php(47): require_once('C:\\xampp\\htdocs\\jordhy-ti4b\\Lunatic\\public\\index.php')
CRITICAL - 2023-05-19 17:17:02 --> Object of class CodeIgniter\HTTP\IncomingRequest could not be converted to string
in APPPATH\Controllers\Store.php on line 34.
 1 SYSTEMPATH\CodeIgniter.php(934): App\Controllers\Store->update_stock()
 2 SYSTEMPATH\CodeIgniter.php(499): CodeIgniter\CodeIgniter->runController(Object(App\Controllers\Store))
 3 SYSTEMPATH\CodeIgniter.php(368): CodeIgniter\CodeIgniter->handleRequest(null, Object(Config\Cache), false)
 4 FCPATH\index.php(67): CodeIgniter\CodeIgniter->run()
 5 SYSTEMPATH\Commands\Server\rewrite.php(47): require_once('C:\\xampp\\htdocs\\jordhy-ti4b\\Lunatic\\public\\index.php')
CRITICAL - 2023-05-19 17:36:48 --> Invalid file: "store/profile-view.php"
in SYSTEMPATH\Exceptions\FrameworkException.php on line 33.
 1 SYSTEMPATH\View\View.php(201): CodeIgniter\Exceptions\FrameworkException::forInvalidFile('store/profile-view.php')
 2 SYSTEMPATH\Common.php(1184): CodeIgniter\View\View->render('store/profile-view', [], true)
 3 APPPATH\Controllers\Profile.php(25): view('store/profile-view', [...])
 4 SYSTEMPATH\CodeIgniter.php(934): App\Controllers\Profile->index()
 5 SYSTEMPATH\CodeIgniter.php(499): CodeIgniter\CodeIgniter->runController(Object(App\Controllers\Profile))
 6 SYSTEMPATH\CodeIgniter.php(368): CodeIgniter\CodeIgniter->handleRequest(null, Object(Config\Cache), false)
 7 FCPATH\index.php(67): CodeIgniter\CodeIgniter->run()
 8 SYSTEMPATH\Commands\Server\rewrite.php(47): require_once('C:\\xampp\\htdocs\\jordhy-ti4b\\Lunatic\\public\\index.php')
CRITICAL - 2023-05-19 17:39:07 --> Undefined array key "name"
in APPPATH\Views\store\profile-view.php on line 4.
 1 APPPATH\Views\store\profile-view.php(4): CodeIgniter\Debug\Exceptions->errorHandler(2, 'Undefined array key "name"', 'C:\\xampp\\htdocs\\jordhy-ti4b\\Lunatic\\app\\Views\\store\\profile-view.php', 4)
 2 SYSTEMPATH\View\View.php(213): include('C:\\xampp\\htdocs\\jordhy-ti4b\\Lunatic\\app\\Views\\store\\profile-view.php')
 3 SYSTEMPATH\View\View.php(216): CodeIgniter\View\View->CodeIgniter\View\{closure}()
 4 SYSTEMPATH\Common.php(1184): CodeIgniter\View\View->render('store/profile-view', [], true)
 5 APPPATH\Controllers\Profile.php(25): view('store/profile-view', [...])
 6 SYSTEMPATH\CodeIgniter.php(934): App\Controllers\Profile->index()
 7 SYSTEMPATH\CodeIgniter.php(499): CodeIgniter\CodeIgniter->runController(Object(App\Controllers\Profile))
 8 SYSTEMPATH\CodeIgniter.php(368): CodeIgniter\CodeIgniter->handleRequest(null, Object(Config\Cache), false)
 9 FCPATH\index.php(67): CodeIgniter\CodeIgniter->run()
10 SYSTEMPATH\Commands\Server\rewrite.php(47): require_once('C:\\xampp\\htdocs\\jordhy-ti4b\\Lunatic\\public\\index.php')
CRITICAL - 2023-05-19 17:40:16 --> Attempt to read property "name" on array
in APPPATH\Views\store\profile-view.php on line 4.
 1 APPPATH\Views\store\profile-view.php(4): CodeIgniter\Debug\Exceptions->errorHandler(2, 'Attempt to read property "name" on array', 'C:\\xampp\\htdocs\\jordhy-ti4b\\Lunatic\\app\\Views\\store\\profile-view.php', 4)
 2 SYSTEMPATH\View\View.php(213): include('C:\\xampp\\htdocs\\jordhy-ti4b\\Lunatic\\app\\Views\\store\\profile-view.php')
 3 SYSTEMPATH\View\View.php(216): CodeIgniter\View\View->CodeIgniter\View\{closure}()
 4 SYSTEMPATH\Common.php(1184): CodeIgniter\View\View->render('store/profile-view', [], true)
 5 APPPATH\Controllers\Profile.php(25): view('store/profile-view', [...])
 6 SYSTEMPATH\CodeIgniter.php(934): App\Controllers\Profile->index()
 7 SYSTEMPATH\CodeIgniter.php(499): CodeIgniter\CodeIgniter->runController(Object(App\Controllers\Profile))
 8 SYSTEMPATH\CodeIgniter.php(368): CodeIgniter\CodeIgniter->handleRequest(null, Object(Config\Cache), false)
 9 FCPATH\index.php(67): CodeIgniter\CodeIgniter->run()
10 SYSTEMPATH\Commands\Server\rewrite.php(47): require_once('C:\\xampp\\htdocs\\jordhy-ti4b\\Lunatic\\public\\index.php')
CRITICAL - 2023-05-19 17:40:31 --> Undefined array key "address"
in APPPATH\Views\store\profile-view.php on line 5.
 1 APPPATH\Views\store\profile-view.php(5): CodeIgniter\Debug\Exceptions->errorHandler(2, 'Undefined array key "address"', 'C:\\xampp\\htdocs\\jordhy-ti4b\\Lunatic\\app\\Views\\store\\profile-view.php', 5)
 2 SYSTEMPATH\View\View.php(213): include('C:\\xampp\\htdocs\\jordhy-ti4b\\Lunatic\\app\\Views\\store\\profile-view.php')
 3 SYSTEMPATH\View\View.php(216): CodeIgniter\View\View->CodeIgniter\View\{closure}()
 4 SYSTEMPATH\Common.php(1184): CodeIgniter\View\View->render('store/profile-view', [], true)
 5 APPPATH\Controllers\Profile.php(25): view('store/profile-view', [...])
 6 SYSTEMPATH\CodeIgniter.php(934): App\Controllers\Profile->index()
 7 SYSTEMPATH\CodeIgniter.php(499): CodeIgniter\CodeIgniter->runController(Object(App\Controllers\Profile))
 8 SYSTEMPATH\CodeIgniter.php(368): CodeIgniter\CodeIgniter->handleRequest(null, Object(Config\Cache), false)
 9 FCPATH\index.php(67): CodeIgniter\CodeIgniter->run()
10 SYSTEMPATH\Commands\Server\rewrite.php(47): require_once('C:\\xampp\\htdocs\\jordhy-ti4b\\Lunatic\\public\\index.php')
CRITICAL - 2023-05-19 17:42:00 --> Undefined array key "name"
in APPPATH\Views\store\profile-view.php on line 4.
 1 APPPATH\Views\store\profile-view.php(4): CodeIgniter\Debug\Exceptions->errorHandler(2, 'Undefined array key "name"', 'C:\\xampp\\htdocs\\jordhy-ti4b\\Lunatic\\app\\Views\\store\\profile-view.php', 4)
 2 SYSTEMPATH\View\View.php(213): include('C:\\xampp\\htdocs\\jordhy-ti4b\\Lunatic\\app\\Views\\store\\profile-view.php')
 3 SYSTEMPATH\View\View.php(216): CodeIgniter\View\View->CodeIgniter\View\{closure}()
 4 SYSTEMPATH\Common.php(1184): CodeIgniter\View\View->render('store/profile-view', [], true)
 5 APPPATH\Controllers\Profile.php(25): view('store/profile-view', [...])
 6 SYSTEMPATH\CodeIgniter.php(934): App\Controllers\Profile->index()
 7 SYSTEMPATH\CodeIgniter.php(499): CodeIgniter\CodeIgniter->runController(Object(App\Controllers\Profile))
 8 SYSTEMPATH\CodeIgniter.php(368): CodeIgniter\CodeIgniter->handleRequest(null, Object(Config\Cache), false)
 9 FCPATH\index.php(67): CodeIgniter\CodeIgniter->run()
10 SYSTEMPATH\Commands\Server\rewrite.php(47): require_once('C:\\xampp\\htdocs\\jordhy-ti4b\\Lunatic\\public\\index.php')
CRITICAL - 2023-05-19 17:42:02 --> Undefined array key "name"
in APPPATH\Views\store\profile-view.php on line 4.
 1 APPPATH\Views\store\profile-view.php(4): CodeIgniter\Debug\Exceptions->errorHandler(2, 'Undefined array key "name"', 'C:\\xampp\\htdocs\\jordhy-ti4b\\Lunatic\\app\\Views\\store\\profile-view.php', 4)
 2 SYSTEMPATH\View\View.php(213): include('C:\\xampp\\htdocs\\jordhy-ti4b\\Lunatic\\app\\Views\\store\\profile-view.php')
 3 SYSTEMPATH\View\View.php(216): CodeIgniter\View\View->CodeIgniter\View\{closure}()
 4 SYSTEMPATH\Common.php(1184): CodeIgniter\View\View->render('store/profile-view', [], true)
 5 APPPATH\Controllers\Profile.php(25): view('store/profile-view', [...])
 6 SYSTEMPATH\CodeIgniter.php(934): App\Controllers\Profile->index()
 7 SYSTEMPATH\CodeIgniter.php(499): CodeIgniter\CodeIgniter->runController(Object(App\Controllers\Profile))
 8 SYSTEMPATH\CodeIgniter.php(368): CodeIgniter\CodeIgniter->handleRequest(null, Object(Config\Cache), false)
 9 FCPATH\index.php(67): CodeIgniter\CodeIgniter->run()
10 SYSTEMPATH\Commands\Server\rewrite.php(47): require_once('C:\\xampp\\htdocs\\jordhy-ti4b\\Lunatic\\public\\index.php')
CRITICAL - 2023-05-19 17:42:07 --> Undefined array key "name"
in APPPATH\Views\store\profile-view.php on line 4.
 1 APPPATH\Views\store\profile-view.php(4): CodeIgniter\Debug\Exceptions->errorHandler(2, 'Undefined array key "name"', 'C:\\xampp\\htdocs\\jordhy-ti4b\\Lunatic\\app\\Views\\store\\profile-view.php', 4)
 2 SYSTEMPATH\View\View.php(213): include('C:\\xampp\\htdocs\\jordhy-ti4b\\Lunatic\\app\\Views\\store\\profile-view.php')
 3 SYSTEMPATH\View\View.php(216): CodeIgniter\View\View->CodeIgniter\View\{closure}()
 4 SYSTEMPATH\Common.php(1184): CodeIgniter\View\View->render('store/profile-view', [], true)
 5 APPPATH\Controllers\Profile.php(25): view('store/profile-view', [...])
 6 SYSTEMPATH\CodeIgniter.php(934): App\Controllers\Profile->index()
 7 SYSTEMPATH\CodeIgniter.php(499): CodeIgniter\CodeIgniter->runController(Object(App\Controllers\Profile))
 8 SYSTEMPATH\CodeIgniter.php(368): CodeIgniter\CodeIgniter->handleRequest(null, Object(Config\Cache), false)
 9 FCPATH\index.php(67): CodeIgniter\CodeIgniter->run()
10 SYSTEMPATH\Commands\Server\rewrite.php(47): require_once('C:\\xampp\\htdocs\\jordhy-ti4b\\Lunatic\\public\\index.php')
CRITICAL - 2023-05-19 17:42:58 --> Undefined array key "name"
in APPPATH\Views\store\profile-view.php on line 4.
 1 APPPATH\Views\store\profile-view.php(4): CodeIgniter\Debug\Exceptions->errorHandler(2, 'Undefined array key "name"', 'C:\\xampp\\htdocs\\jordhy-ti4b\\Lunatic\\app\\Views\\store\\profile-view.php', 4)
 2 SYSTEMPATH\View\View.php(213): include('C:\\xampp\\htdocs\\jordhy-ti4b\\Lunatic\\app\\Views\\store\\profile-view.php')
 3 SYSTEMPATH\View\View.php(216): CodeIgniter\View\View->CodeIgniter\View\{closure}()
 4 SYSTEMPATH\Common.php(1184): CodeIgniter\View\View->render('store/profile-view', [], true)
 5 APPPATH\Controllers\Profile.php(25): view('store/profile-view', [...])
 6 SYSTEMPATH\CodeIgniter.php(934): App\Controllers\Profile->index()
 7 SYSTEMPATH\CodeIgniter.php(499): CodeIgniter\CodeIgniter->runController(Object(App\Controllers\Profile))
 8 SYSTEMPATH\CodeIgniter.php(368): CodeIgniter\CodeIgniter->handleRequest(null, Object(Config\Cache), false)
 9 FCPATH\index.php(67): CodeIgniter\CodeIgniter->run()
10 SYSTEMPATH\Commands\Server\rewrite.php(47): require_once('C:\\xampp\\htdocs\\jordhy-ti4b\\Lunatic\\public\\index.php')
CRITICAL - 2023-05-19 17:43:27 --> Undefined array key "name"
in APPPATH\Views\store\profile-view.php on line 4.
 1 APPPATH\Views\store\profile-view.php(4): CodeIgniter\Debug\Exceptions->errorHandler(2, 'Undefined array key "name"', 'C:\\xampp\\htdocs\\jordhy-ti4b\\Lunatic\\app\\Views\\store\\profile-view.php', 4)
 2 SYSTEMPATH\View\View.php(213): include('C:\\xampp\\htdocs\\jordhy-ti4b\\Lunatic\\app\\Views\\store\\profile-view.php')
 3 SYSTEMPATH\View\View.php(216): CodeIgniter\View\View->CodeIgniter\View\{closure}()
 4 SYSTEMPATH\Common.php(1184): CodeIgniter\View\View->render('store/profile-view', [], true)
 5 APPPATH\Controllers\Profile.php(25): view('store/profile-view', [...])
 6 SYSTEMPATH\CodeIgniter.php(934): App\Controllers\Profile->index()
 7 SYSTEMPATH\CodeIgniter.php(499): CodeIgniter\CodeIgniter->runController(Object(App\Controllers\Profile))
 8 SYSTEMPATH\CodeIgniter.php(368): CodeIgniter\CodeIgniter->handleRequest(null, Object(Config\Cache), false)
 9 FCPATH\index.php(67): CodeIgniter\CodeIgniter->run()
10 SYSTEMPATH\Commands\Server\rewrite.php(47): require_once('C:\\xampp\\htdocs\\jordhy-ti4b\\Lunatic\\public\\index.php')
CRITICAL - 2023-05-19 17:43:28 --> Undefined array key "name"
in APPPATH\Views\store\profile-view.php on line 4.
 1 APPPATH\Views\store\profile-view.php(4): CodeIgniter\Debug\Exceptions->errorHandler(2, 'Undefined array key "name"', 'C:\\xampp\\htdocs\\jordhy-ti4b\\Lunatic\\app\\Views\\store\\profile-view.php', 4)
 2 SYSTEMPATH\View\View.php(213): include('C:\\xampp\\htdocs\\jordhy-ti4b\\Lunatic\\app\\Views\\store\\profile-view.php')
 3 SYSTEMPATH\View\View.php(216): CodeIgniter\View\View->CodeIgniter\View\{closure}()
 4 SYSTEMPATH\Common.php(1184): CodeIgniter\View\View->render('store/profile-view', [], true)
 5 APPPATH\Controllers\Profile.php(25): view('store/profile-view', [...])
 6 SYSTEMPATH\CodeIgniter.php(934): App\Controllers\Profile->index()
 7 SYSTEMPATH\CodeIgniter.php(499): CodeIgniter\CodeIgniter->runController(Object(App\Controllers\Profile))
 8 SYSTEMPATH\CodeIgniter.php(368): CodeIgniter\CodeIgniter->handleRequest(null, Object(Config\Cache), false)
 9 FCPATH\index.php(67): CodeIgniter\CodeIgniter->run()
10 SYSTEMPATH\Commands\Server\rewrite.php(47): require_once('C:\\xampp\\htdocs\\jordhy-ti4b\\Lunatic\\public\\index.php')
CRITICAL - 2023-05-19 17:43:30 --> Undefined array key "name"
in APPPATH\Views\store\profile-view.php on line 4.
 1 APPPATH\Views\store\profile-view.php(4): CodeIgniter\Debug\Exceptions->errorHandler(2, 'Undefined array key "name"', 'C:\\xampp\\htdocs\\jordhy-ti4b\\Lunatic\\app\\Views\\store\\profile-view.php', 4)
 2 SYSTEMPATH\View\View.php(213): include('C:\\xampp\\htdocs\\jordhy-ti4b\\Lunatic\\app\\Views\\store\\profile-view.php')
 3 SYSTEMPATH\View\View.php(216): CodeIgniter\View\View->CodeIgniter\View\{closure}()
 4 SYSTEMPATH\Common.php(1184): CodeIgniter\View\View->render('store/profile-view', [], true)
 5 APPPATH\Controllers\Profile.php(25): view('store/profile-view', [...])
 6 SYSTEMPATH\CodeIgniter.php(934): App\Controllers\Profile->index()
 7 SYSTEMPATH\CodeIgniter.php(499): CodeIgniter\CodeIgniter->runController(Object(App\Controllers\Profile))
 8 SYSTEMPATH\CodeIgniter.php(368): CodeIgniter\CodeIgniter->handleRequest(null, Object(Config\Cache), false)
 9 FCPATH\index.php(67): CodeIgniter\CodeIgniter->run()
10 SYSTEMPATH\Commands\Server\rewrite.php(47): require_once('C:\\xampp\\htdocs\\jordhy-ti4b\\Lunatic\\public\\index.php')
CRITICAL - 2023-05-19 17:54:27 --> Attempt to read property "role" on array
in APPPATH\Controllers\Login.php on line 34.
 1 APPPATH\Controllers\Login.php(34): CodeIgniter\Debug\Exceptions->errorHandler(2, 'Attempt to read property "role" on array', 'C:\\xampp\\htdocs\\jordhy-ti4b\\Lunatic\\app\\Controllers\\Login.php', 34)
 2 SYSTEMPATH\CodeIgniter.php(934): App\Controllers\Login->process()
 3 SYSTEMPATH\CodeIgniter.php(499): CodeIgniter\CodeIgniter->runController(Object(App\Controllers\Login))
 4 SYSTEMPATH\CodeIgniter.php(368): CodeIgniter\CodeIgniter->handleRequest(null, Object(Config\Cache), false)
 5 FCPATH\index.php(67): CodeIgniter\CodeIgniter->run()
 6 SYSTEMPATH\Commands\Server\rewrite.php(47): require_once('C:\\xampp\\htdocs\\jordhy-ti4b\\Lunatic\\public\\index.php')
CRITICAL - 2023-05-19 17:57:55 --> Unclosed '{' on line 79
in APPPATH\Views\store\buy-view.php on line 92.
 1 SYSTEMPATH\View\View.php(216): CodeIgniter\View\View->CodeIgniter\View\{closure}()
 2 SYSTEMPATH\Common.php(1184): CodeIgniter\View\View->render('store/buy-view.php', [], true)
 3 APPPATH\Controllers\Buy.php(43): view('store/buy-view.php', [...])
 4 SYSTEMPATH\CodeIgniter.php(934): App\Controllers\Buy->display('1')
 5 SYSTEMPATH\CodeIgniter.php(499): CodeIgniter\CodeIgniter->runController(Object(App\Controllers\Buy))
 6 SYSTEMPATH\CodeIgniter.php(368): CodeIgniter\CodeIgniter->handleRequest(null, Object(Config\Cache), false)
 7 FCPATH\index.php(67): CodeIgniter\CodeIgniter->run()
 8 SYSTEMPATH\Commands\Server\rewrite.php(47): require_once('C:\\xampp\\htdocs\\jordhy-ti4b\\Lunatic\\public\\index.php')
CRITICAL - 2023-05-19 18:07:10 --> Cannot use object of type stdClass as array
in APPPATH\Views\store\profile-view.php on line 4.
 1 SYSTEMPATH\View\View.php(213): include()
 2 SYSTEMPATH\View\View.php(216): CodeIgniter\View\View->CodeIgniter\View\{closure}()
 3 SYSTEMPATH\Common.php(1184): CodeIgniter\View\View->render('store/profile-view', [], true)
 4 APPPATH\Controllers\Profile.php(25): view('store/profile-view', [...])
 5 SYSTEMPATH\CodeIgniter.php(934): App\Controllers\Profile->index()
 6 SYSTEMPATH\CodeIgniter.php(499): CodeIgniter\CodeIgniter->runController(Object(App\Controllers\Profile))
 7 SYSTEMPATH\CodeIgniter.php(368): CodeIgniter\CodeIgniter->handleRequest(null, Object(Config\Cache), false)
 8 FCPATH\index.php(67): CodeIgniter\CodeIgniter->run()
 9 SYSTEMPATH\Commands\Server\rewrite.php(47): require_once('C:\\xampp\\htdocs\\jordhy-ti4b\\Lunatic\\public\\index.php')
CRITICAL - 2023-05-19 18:07:18 --> Cannot use object of type stdClass as array
in APPPATH\Views\store\profile-view.php on line 4.
 1 SYSTEMPATH\View\View.php(213): include()
 2 SYSTEMPATH\View\View.php(216): CodeIgniter\View\View->CodeIgniter\View\{closure}()
 3 SYSTEMPATH\Common.php(1184): CodeIgniter\View\View->render('store/profile-view', [], true)
 4 APPPATH\Controllers\Profile.php(25): view('store/profile-view', [...])
 5 SYSTEMPATH\CodeIgniter.php(934): App\Controllers\Profile->index()
 6 SYSTEMPATH\CodeIgniter.php(499): CodeIgniter\CodeIgniter->runController(Object(App\Controllers\Profile))
 7 SYSTEMPATH\CodeIgniter.php(368): CodeIgniter\CodeIgniter->handleRequest(null, Object(Config\Cache), false)
 8 FCPATH\index.php(67): CodeIgniter\CodeIgniter->run()
 9 SYSTEMPATH\Commands\Server\rewrite.php(47): require_once('C:\\xampp\\htdocs\\jordhy-ti4b\\Lunatic\\public\\index.php')
CRITICAL - 2023-05-19 18:07:22 --> Cannot use object of type stdClass as array
in APPPATH\Views\store\profile-view.php on line 4.
 1 SYSTEMPATH\View\View.php(213): include()
 2 SYSTEMPATH\View\View.php(216): CodeIgniter\View\View->CodeIgniter\View\{closure}()
 3 SYSTEMPATH\Common.php(1184): CodeIgniter\View\View->render('store/profile-view', [], true)
 4 APPPATH\Controllers\Profile.php(25): view('store/profile-view', [...])
 5 SYSTEMPATH\CodeIgniter.php(934): App\Controllers\Profile->index()
 6 SYSTEMPATH\CodeIgniter.php(499): CodeIgniter\CodeIgniter->runController(Object(App\Controllers\Profile))
 7 SYSTEMPATH\CodeIgniter.php(368): CodeIgniter\CodeIgniter->handleRequest(null, Object(Config\Cache), false)
 8 FCPATH\index.php(67): CodeIgniter\CodeIgniter->run()
 9 SYSTEMPATH\Commands\Server\rewrite.php(47): require_once('C:\\xampp\\htdocs\\jordhy-ti4b\\Lunatic\\public\\index.php')
